<?xml version="1.0" encoding="UTF-8"?>
<!-- Generated by org.testng.reporters.JUnitReportReporter -->
<testsuite hostname="Doaa-Mohamed-E7470" failures="0" tests="2" name="org.example.testRunner.runners" time="27.236" errors="0" timestamp="2023-09-26T12:19:37 EEST" skipped="0">
  <testcase classname="org.example.testRunner.runners" name="runScenario" time="14.763"/>
  <testcase classname="org.example.testRunner.runners" name="runScenario" time="12.473"/>
</testsuite> <!-- org.example.testRunner.runners -->
